<?xml version="1.0" encoding="UTF-8"?>
<testsuite name="com.magoflix.admin.catalogo.infrastructure.MainTest" tests="1" skipped="0" failures="0" errors="0" timestamp="2022-12-08T01:41:34" hostname="gadelha-PC" time="0.028">
  <properties/>
  <testcase name="testMain()" classname="com.magoflix.admin.catalogo.infrastructure.MainTest" time="0.028"/>
  <system-out><![CDATA[Hello world!
com.magoflix.admin.catalogo.domain.Category@60099951
]]></system-out>
  <system-err><![CDATA[]]></system-err>
</testsuite>
