<?xml version="1.0" encoding="UTF-8"?>
<testsuite name="com.magoflix.admin.catalogo.domain.CategoryTest" tests="2" skipped="0" failures="0" errors="0" timestamp="2022-12-14T01:53:28" hostname="gadelha-PC" time="0.064">
  <properties/>
  <testcase name="givenAValidParams_whenCallNewCategory_thenInstantiateACategory()" classname="com.magoflix.admin.catalogo.domain.CategoryTest" time="0.043"/>
  <testcase name="givenAnInvalidNullName_whenCallNewCategoryAndValidate_thenShouldReceiveError()" classname="com.magoflix.admin.catalogo.domain.CategoryTest" time="0.013"/>
  <system-out><![CDATA[]]></system-out>
  <system-err><![CDATA[]]></system-err>
</testsuite>
